<?xml version="1.0" encoding="UTF-8"?>
<!-- Generated by org.testng.reporters.JUnitReportReporter -->
<testsuite hostname="hrahman-lt-9955" failures="0" tests="1" name="runner.runner" time="3.599" errors="0" timestamp="2022-01-20T21:46:23 EET" skipped="0">
  <testcase classname="runner.runner" name="runScenario" time="3.599"/>
  <system-out/>
</testsuite> <!-- runner.runner -->
